<?xml version="1.0" encoding="UTF-8"?>
<testng-results retried="4" ignored="0" total="7" passed="1" failed="2" skipped="0">
  <reporter-output>
  </reporter-output>
  <suite started-at="2023-07-21T16:33:40 IST" name="Suite" finished-at="2023-07-21T16:34:38 IST" duration-ms="57774">
    <groups>
      <group name="cucumber">
        <method signature="AbstractTestNGCucumberTests.runScenario(io.cucumber.testng.PickleWrapper,io.cucumber.testng.FeatureWrapper)[pri:0, instance:com.ui.test.runner.TestNGRunner@2a65fe7c]" name="runScenario" class="io.cucumber.testng.AbstractTestNGCucumberTests"/>
      </group> <!-- cucumber -->
    </groups>
    <test started-at="2023-07-21T16:33:40 IST" name="Test" finished-at="2023-07-21T16:34:38 IST" duration-ms="57774">
      <class name="com.ui.test.runner.TestNGRunner">
        <test-method is-config="true" signature="setUpClass(org.testng.ITestContext)[pri:0, instance:com.ui.test.runner.TestNGRunner@2a65fe7c]" started-at="2023-07-21T16:33:40 IST" name="setUpClass" finished-at="2023-07-21T16:33:41 IST" duration-ms="907" status="PASS">
          <params>
            <param index="0">
              <value>
                <![CDATA[org.testng.TestRunner@3098cf3b]]>
              </value>
            </param>
          </params>
          <reporter-output>
          </reporter-output>
        </test-method> <!-- setUpClass -->
        <test-method signature="runScenario(io.cucumber.testng.PickleWrapper,io.cucumber.testng.FeatureWrapper)[pri:0, instance:com.ui.test.runner.TestNGRunner@2a65fe7c]" started-at="2023-07-21T16:33:41 IST" name="runScenario" description="Runs Cucumber Scenarios" data-provider="scenarios" finished-at="2023-07-21T16:33:48 IST" duration-ms="7065" status="PASS">
          <params>
            <param index="0">
              <value>
                <![CDATA["Navigate to google"]]>
              </value>
            </param>
            <param index="1">
              <value>
                <![CDATA["Title of your feature"]]>
              </value>
            </param>
          </params>
          <reporter-output>
          </reporter-output>
        </test-method> <!-- runScenario -->
        <test-method retried="true" signature="runScenario(io.cucumber.testng.PickleWrapper,io.cucumber.testng.FeatureWrapper)[pri:0, instance:com.ui.test.runner.TestNGRunner@2a65fe7c]" started-at="2023-07-21T16:33:41 IST" name="runScenario" description="Runs Cucumber Scenarios" data-provider="scenarios" finished-at="2023-07-21T16:34:13 IST" duration-ms="31683" status="SKIP">
          <params>
            <param index="0">
              <value>
                <![CDATA["Navigate to yahoo"]]>
              </value>
            </param>
            <param index="1">
              <value>
                <![CDATA["Title of your feature"]]>
              </value>
            </param>
          </params>
          <exception class="java.lang.AssertionError">
            <full-stacktrace>
              <![CDATA[java.lang.AssertionError
at org.junit.Assert.fail(Assert.java:87)
at org.junit.Assert.assertTrue(Assert.java:42)
at org.junit.Assert.assertFalse(Assert.java:65)
at org.junit.Assert.assertFalse(Assert.java:75)
at com.ui.test.steps.LoginStepDef.navigating(LoginStepDef.java:40)
at ✽.Navigating "https://www.yahoo.com/"(file:///C:/Users/aganesh/eclipse-workspace/Test/./Features/Login.feature:31)
]]>
            </full-stacktrace>
          </exception> <!-- java.lang.AssertionError -->
          <reporter-output>
          </reporter-output>
        </test-method> <!-- runScenario -->
        <test-method retried="true" signature="runScenario(io.cucumber.testng.PickleWrapper,io.cucumber.testng.FeatureWrapper)[pri:0, instance:com.ui.test.runner.TestNGRunner@2a65fe7c]" started-at="2023-07-21T16:33:41 IST" name="runScenario" description="Runs Cucumber Scenarios" data-provider="scenarios" finished-at="2023-07-21T16:33:51 IST" duration-ms="9874" status="SKIP">
          <params>
            <param index="0">
              <value>
                <![CDATA["Navigate to multiple pages"]]>
              </value>
            </param>
            <param index="1">
              <value>
                <![CDATA["Title of your feature"]]>
              </value>
            </param>
          </params>
          <exception class="java.lang.AssertionError">
            <full-stacktrace>
              <![CDATA[java.lang.AssertionError
at org.junit.Assert.fail(Assert.java:87)
at org.junit.Assert.assertTrue(Assert.java:42)
at org.junit.Assert.assertFalse(Assert.java:65)
at org.junit.Assert.assertFalse(Assert.java:75)
at com.ui.test.steps.LoginStepDef.navigating(LoginStepDef.java:40)
at ✽.Navigating "https://www.nitt.edu/"(file:///C:/Users/aganesh/eclipse-workspace/Test/./Features/Login.feature:36)
]]>
            </full-stacktrace>
          </exception> <!-- java.lang.AssertionError -->
          <reporter-output>
          </reporter-output>
        </test-method> <!-- runScenario -->
        <test-method retried="true" signature="runScenario(io.cucumber.testng.PickleWrapper,io.cucumber.testng.FeatureWrapper)[pri:0, instance:com.ui.test.runner.TestNGRunner@2a65fe7c]" started-at="2023-07-21T16:33:51 IST" name="runScenario" description="Runs Cucumber Scenarios" data-provider="scenarios" finished-at="2023-07-21T16:33:58 IST" duration-ms="6556" status="SKIP">
          <params>
            <param index="0">
              <value>
                <![CDATA["Navigate to multiple pages"]]>
              </value>
            </param>
            <param index="1">
              <value>
                <![CDATA["Title of your feature"]]>
              </value>
            </param>
          </params>
          <exception class="java.lang.AssertionError">
            <full-stacktrace>
              <![CDATA[java.lang.AssertionError
at org.junit.Assert.fail(Assert.java:87)
at org.junit.Assert.assertTrue(Assert.java:42)
at org.junit.Assert.assertFalse(Assert.java:65)
at org.junit.Assert.assertFalse(Assert.java:75)
at com.ui.test.steps.LoginStepDef.navigating(LoginStepDef.java:40)
at ✽.Navigating "https://www.nitt.edu/"(file:///C:/Users/aganesh/eclipse-workspace/Test/./Features/Login.feature:36)
]]>
            </full-stacktrace>
          </exception> <!-- java.lang.AssertionError -->
          <reporter-output>
          </reporter-output>
        </test-method> <!-- runScenario -->
        <test-method signature="runScenario(io.cucumber.testng.PickleWrapper,io.cucumber.testng.FeatureWrapper)[pri:0, instance:com.ui.test.runner.TestNGRunner@2a65fe7c]" started-at="2023-07-21T16:33:58 IST" name="runScenario" description="Runs Cucumber Scenarios" data-provider="scenarios" finished-at="2023-07-21T16:34:03 IST" duration-ms="4927" status="FAIL">
          <params>
            <param index="0">
              <value>
                <![CDATA["Navigate to multiple pages"]]>
              </value>
            </param>
            <param index="1">
              <value>
                <![CDATA["Title of your feature"]]>
              </value>
            </param>
          </params>
          <exception class="java.lang.AssertionError">
            <full-stacktrace>
              <![CDATA[java.lang.AssertionError
at org.junit.Assert.fail(Assert.java:87)
at org.junit.Assert.assertTrue(Assert.java:42)
at org.junit.Assert.assertFalse(Assert.java:65)
at org.junit.Assert.assertFalse(Assert.java:75)
at com.ui.test.steps.LoginStepDef.navigating(LoginStepDef.java:40)
at ✽.Navigating "https://www.nitt.edu/"(file:///C:/Users/aganesh/eclipse-workspace/Test/./Features/Login.feature:36)
]]>
            </full-stacktrace>
          </exception> <!-- java.lang.AssertionError -->
          <reporter-output>
          </reporter-output>
        </test-method> <!-- runScenario -->
        <test-method retried="true" signature="runScenario(io.cucumber.testng.PickleWrapper,io.cucumber.testng.FeatureWrapper)[pri:0, instance:com.ui.test.runner.TestNGRunner@2a65fe7c]" started-at="2023-07-21T16:34:13 IST" name="runScenario" description="Runs Cucumber Scenarios" data-provider="scenarios" finished-at="2023-07-21T16:34:20 IST" duration-ms="7149" status="SKIP">
          <params>
            <param index="0">
              <value>
                <![CDATA["Navigate to yahoo"]]>
              </value>
            </param>
            <param index="1">
              <value>
                <![CDATA["Title of your feature"]]>
              </value>
            </param>
          </params>
          <exception class="java.lang.AssertionError">
            <full-stacktrace>
              <![CDATA[java.lang.AssertionError
at org.junit.Assert.fail(Assert.java:87)
at org.junit.Assert.assertTrue(Assert.java:42)
at org.junit.Assert.assertFalse(Assert.java:65)
at org.junit.Assert.assertFalse(Assert.java:75)
at com.ui.test.steps.LoginStepDef.navigating(LoginStepDef.java:40)
at ✽.Navigating "https://www.yahoo.com/"(file:///C:/Users/aganesh/eclipse-workspace/Test/./Features/Login.feature:31)
]]>
            </full-stacktrace>
          </exception> <!-- java.lang.AssertionError -->
          <reporter-output>
          </reporter-output>
        </test-method> <!-- runScenario -->
        <test-method signature="runScenario(io.cucumber.testng.PickleWrapper,io.cucumber.testng.FeatureWrapper)[pri:0, instance:com.ui.test.runner.TestNGRunner@2a65fe7c]" started-at="2023-07-21T16:34:20 IST" name="runScenario" description="Runs Cucumber Scenarios" data-provider="scenarios" finished-at="2023-07-21T16:34:30 IST" duration-ms="9430" status="FAIL">
          <params>
            <param index="0">
              <value>
                <![CDATA["Navigate to yahoo"]]>
              </value>
            </param>
            <param index="1">
              <value>
                <![CDATA["Title of your feature"]]>
              </value>
            </param>
          </params>
          <exception class="java.lang.AssertionError">
            <full-stacktrace>
              <![CDATA[java.lang.AssertionError
at org.junit.Assert.fail(Assert.java:87)
at org.junit.Assert.assertTrue(Assert.java:42)
at org.junit.Assert.assertFalse(Assert.java:65)
at org.junit.Assert.assertFalse(Assert.java:75)
at com.ui.test.steps.LoginStepDef.navigating(LoginStepDef.java:40)
at ✽.Navigating "https://www.yahoo.com/"(file:///C:/Users/aganesh/eclipse-workspace/Test/./Features/Login.feature:31)
]]>
            </full-stacktrace>
          </exception> <!-- java.lang.AssertionError -->
          <reporter-output>
          </reporter-output>
        </test-method> <!-- runScenario -->
        <test-method is-config="true" signature="tearDownClass()[pri:0, instance:com.ui.test.runner.TestNGRunner@2a65fe7c]" started-at="2023-07-21T16:34:30 IST" name="tearDownClass" finished-at="2023-07-21T16:34:38 IST" duration-ms="8562" status="PASS">
          <reporter-output>
          </reporter-output>
        </test-method> <!-- tearDownClass -->
      </class> <!-- com.ui.test.runner.TestNGRunner -->
    </test> <!-- Test -->
  </suite> <!-- Suite -->
</testng-results>
